18:21:07,363  INFO devpinoyLogger:58 - URL is opened
18:21:09,520  INFO devpinoyLogger:23 - login successful
18:21:12,612  INFO devpinoyLogger:28 - adding New Customer
18:21:17,521  INFO devpinoyLogger:42 - new customer added
18:21:21,142 DEBUG cache:45 - Couldn't find template in cache for "spark/spark.spa.ftl"("en_IN", UTF-8, parsed); will try to load it.
18:21:21,144 DEBUG cache:45 - TemplateLoader.findTemplateSource("spark/spark.spa_en_IN.ftl"): Not found
18:21:21,147 DEBUG cache:45 - TemplateLoader.findTemplateSource("spark/spark.spa_en.ftl"): Not found
18:21:21,149 DEBUG cache:45 - TemplateLoader.findTemplateSource("spark/spark.spa.ftl"): Found
18:21:21,149 DEBUG cache:45 - Loading template for "spark/spark.spa.ftl"("en_IN", UTF-8, parsed) from "jar:file:/C:/MyRepo/com/aventstack/extentreports/5.0.8/extentreports-5.0.8.jar!/com/aventstack/extentreports/templates/spark/spark.spa.ftl"
18:21:21,231 DEBUG cache:45 - Couldn't find template in cache for "commons/commons-variables.ftl"("en_IN", UTF-8, parsed); will try to load it.
18:21:21,232 DEBUG cache:45 - TemplateLoader.findTemplateSource("commons/commons-variables_en_IN.ftl"): Not found
18:21:21,232 DEBUG cache:45 - TemplateLoader.findTemplateSource("commons/commons-variables_en.ftl"): Not found
18:21:21,233 DEBUG cache:45 - TemplateLoader.findTemplateSource("commons/commons-variables.ftl"): Found
18:21:21,233 DEBUG cache:45 - Loading template for "commons/commons-variables.ftl"("en_IN", UTF-8, parsed) from "jar:file:/C:/MyRepo/com/aventstack/extentreports/5.0.8/extentreports-5.0.8.jar!/com/aventstack/extentreports/templates/commons/commons-variables.ftl"
18:21:21,382 DEBUG cache:45 - Couldn't find template in cache for "commons/commons-macros.ftl"("en_IN", UTF-8, parsed); will try to load it.
18:21:21,382 DEBUG cache:45 - TemplateLoader.findTemplateSource("commons/commons-macros_en_IN.ftl"): Not found
18:21:21,383 DEBUG cache:45 - TemplateLoader.findTemplateSource("commons/commons-macros_en.ftl"): Not found
18:21:21,383 DEBUG cache:45 - TemplateLoader.findTemplateSource("commons/commons-macros.ftl"): Found
18:21:21,383 DEBUG cache:45 - Loading template for "commons/commons-macros.ftl"("en_IN", UTF-8, parsed) from "jar:file:/C:/MyRepo/com/aventstack/extentreports/5.0.8/extentreports-5.0.8.jar!/com/aventstack/extentreports/templates/commons/commons-macros.ftl"
18:21:21,394 DEBUG cache:45 - Couldn't find template in cache for "spark/macros/attributes.ftl"("en_IN", UTF-8, parsed); will try to load it.
18:21:21,394 DEBUG cache:45 - TemplateLoader.findTemplateSource("spark/macros/attributes_en_IN.ftl"): Not found
18:21:21,395 DEBUG cache:45 - TemplateLoader.findTemplateSource("spark/macros/attributes_en.ftl"): Not found
18:21:21,395 DEBUG cache:45 - TemplateLoader.findTemplateSource("spark/macros/attributes.ftl"): Found
18:21:21,395 DEBUG cache:45 - Loading template for "spark/macros/attributes.ftl"("en_IN", UTF-8, parsed) from "jar:file:/C:/MyRepo/com/aventstack/extentreports/5.0.8/extentreports-5.0.8.jar!/com/aventstack/extentreports/templates/spark/macros/attributes.ftl"
18:21:21,398 DEBUG cache:45 - Couldn't find template in cache for "spark/macros/log.ftl"("en_IN", UTF-8, parsed); will try to load it.
18:21:21,398 DEBUG cache:45 - TemplateLoader.findTemplateSource("spark/macros/log_en_IN.ftl"): Not found
18:21:21,399 DEBUG cache:45 - TemplateLoader.findTemplateSource("spark/macros/log_en.ftl"): Not found
18:21:21,399 DEBUG cache:45 - TemplateLoader.findTemplateSource("spark/macros/log.ftl"): Found
18:21:21,399 DEBUG cache:45 - Loading template for "spark/macros/log.ftl"("en_IN", UTF-8, parsed) from "jar:file:/C:/MyRepo/com/aventstack/extentreports/5.0.8/extentreports-5.0.8.jar!/com/aventstack/extentreports/templates/spark/macros/log.ftl"
18:21:21,401 DEBUG cache:45 - Couldn't find template in cache for "spark/macros/recurse_nodes.ftl"("en_IN", UTF-8, parsed); will try to load it.
18:21:21,401 DEBUG cache:45 - TemplateLoader.findTemplateSource("spark/macros/recurse_nodes_en_IN.ftl"): Not found
18:21:21,402 DEBUG cache:45 - TemplateLoader.findTemplateSource("spark/macros/recurse_nodes_en.ftl"): Not found
18:21:21,403 DEBUG cache:45 - TemplateLoader.findTemplateSource("spark/macros/recurse_nodes.ftl"): Found
18:21:21,404 DEBUG cache:45 - Loading template for "spark/macros/recurse_nodes.ftl"("en_IN", UTF-8, parsed) from "jar:file:/C:/MyRepo/com/aventstack/extentreports/5.0.8/extentreports-5.0.8.jar!/com/aventstack/extentreports/templates/spark/macros/recurse_nodes.ftl"
18:21:21,411 DEBUG cache:45 - "spark/macros/log.ftl"("en_IN", UTF-8, parsed) cached copy not yet stale; using cached.
18:21:21,415 DEBUG cache:45 - Couldn't find template in cache for "spark/macros/attr-common.ftl"("en_IN", UTF-8, parsed); will try to load it.
18:21:21,416 DEBUG cache:45 - TemplateLoader.findTemplateSource("spark/macros/attr-common_en_IN.ftl"): Not found
18:21:21,417 DEBUG cache:45 - TemplateLoader.findTemplateSource("spark/macros/attr-common_en.ftl"): Not found
18:21:21,417 DEBUG cache:45 - TemplateLoader.findTemplateSource("spark/macros/attr-common.ftl"): Found
18:21:21,417 DEBUG cache:45 - Loading template for "spark/macros/attr-common.ftl"("en_IN", UTF-8, parsed) from "jar:file:/C:/MyRepo/com/aventstack/extentreports/5.0.8/extentreports-5.0.8.jar!/com/aventstack/extentreports/templates/spark/macros/attr-common.ftl"
18:21:21,425 DEBUG cache:45 - Couldn't find template in cache for "spark/partials/head.ftl"("en_IN", UTF-8, parsed); will try to load it.
18:21:21,426 DEBUG cache:45 - TemplateLoader.findTemplateSource("spark/partials/head_en_IN.ftl"): Not found
18:21:21,427 DEBUG cache:45 - TemplateLoader.findTemplateSource("spark/partials/head_en.ftl"): Not found
18:21:21,428 DEBUG cache:45 - TemplateLoader.findTemplateSource("spark/partials/head.ftl"): Found
18:21:21,428 DEBUG cache:45 - Loading template for "spark/partials/head.ftl"("en_IN", UTF-8, parsed) from "jar:file:/C:/MyRepo/com/aventstack/extentreports/5.0.8/extentreports-5.0.8.jar!/com/aventstack/extentreports/templates/spark/partials/head.ftl"
18:21:21,436 DEBUG cache:45 - Couldn't find template in cache for "commons/commons-inject-css.ftl"("en_IN", UTF-8, parsed); will try to load it.
18:21:21,437 DEBUG cache:45 - TemplateLoader.findTemplateSource("commons/commons-inject-css_en_IN.ftl"): Not found
18:21:21,439 DEBUG cache:45 - TemplateLoader.findTemplateSource("commons/commons-inject-css_en.ftl"): Not found
18:21:21,447 DEBUG cache:45 - TemplateLoader.findTemplateSource("commons/commons-inject-css.ftl"): Found
18:21:21,447 DEBUG cache:45 - Loading template for "commons/commons-inject-css.ftl"("en_IN", UTF-8, parsed) from "jar:file:/C:/MyRepo/com/aventstack/extentreports/5.0.8/extentreports-5.0.8.jar!/com/aventstack/extentreports/templates/commons/commons-inject-css.ftl"
18:21:21,449 DEBUG cache:45 - Couldn't find template in cache for "spark/partials/navbar.ftl"("en_IN", UTF-8, parsed); will try to load it.
18:21:21,450 DEBUG cache:45 - TemplateLoader.findTemplateSource("spark/partials/navbar_en_IN.ftl"): Not found
18:21:21,452 DEBUG cache:45 - TemplateLoader.findTemplateSource("spark/partials/navbar_en.ftl"): Not found
18:21:21,454 DEBUG cache:45 - TemplateLoader.findTemplateSource("spark/partials/navbar.ftl"): Found
18:21:21,454 DEBUG cache:45 - Loading template for "spark/partials/navbar.ftl"("en_IN", UTF-8, parsed) from "jar:file:/C:/MyRepo/com/aventstack/extentreports/5.0.8/extentreports-5.0.8.jar!/com/aventstack/extentreports/templates/spark/partials/navbar.ftl"
18:21:21,471 DEBUG cache:45 - Couldn't find template in cache for "spark/partials/sidenav.ftl"("en_IN", UTF-8, parsed); will try to load it.
18:21:21,472 DEBUG cache:45 - TemplateLoader.findTemplateSource("spark/partials/sidenav_en_IN.ftl"): Not found
18:21:21,477 DEBUG cache:45 - TemplateLoader.findTemplateSource("spark/partials/sidenav_en.ftl"): Not found
18:21:21,479 DEBUG cache:45 - TemplateLoader.findTemplateSource("spark/partials/sidenav.ftl"): Found
18:21:21,480 DEBUG cache:45 - Loading template for "spark/partials/sidenav.ftl"("en_IN", UTF-8, parsed) from "jar:file:/C:/MyRepo/com/aventstack/extentreports/5.0.8/extentreports-5.0.8.jar!/com/aventstack/extentreports/templates/spark/partials/sidenav.ftl"
18:21:21,535 DEBUG cache:45 - Couldn't find template in cache for "spark/partials/test.ftl"("en_IN", UTF-8, parsed); will try to load it.
18:21:21,536 DEBUG cache:45 - TemplateLoader.findTemplateSource("spark/partials/test_en_IN.ftl"): Not found
18:21:21,536 DEBUG cache:45 - TemplateLoader.findTemplateSource("spark/partials/test_en.ftl"): Not found
18:21:21,537 DEBUG cache:45 - TemplateLoader.findTemplateSource("spark/partials/test.ftl"): Found
18:21:21,538 DEBUG cache:45 - Loading template for "spark/partials/test.ftl"("en_IN", UTF-8, parsed) from "jar:file:/C:/MyRepo/com/aventstack/extentreports/5.0.8/extentreports-5.0.8.jar!/com/aventstack/extentreports/templates/spark/partials/test.ftl"
18:21:21,562 DEBUG cache:45 - Couldn't find template in cache for "spark/partials/standard-content.ftl"("en_IN", UTF-8, parsed); will try to load it.
18:21:21,563 DEBUG cache:45 - TemplateLoader.findTemplateSource("spark/partials/standard-content_en_IN.ftl"): Not found
18:21:21,563 DEBUG cache:45 - TemplateLoader.findTemplateSource("spark/partials/standard-content_en.ftl"): Not found
18:21:21,565 DEBUG cache:45 - TemplateLoader.findTemplateSource("spark/partials/standard-content.ftl"): Found
18:21:21,566 DEBUG cache:45 - Loading template for "spark/partials/standard-content.ftl"("en_IN", UTF-8, parsed) from "jar:file:/C:/MyRepo/com/aventstack/extentreports/5.0.8/extentreports-5.0.8.jar!/com/aventstack/extentreports/templates/spark/partials/standard-content.ftl"
18:21:21,576 DEBUG cache:45 - "spark/partials/standard-content.ftl"("en_IN", UTF-8, parsed) cached copy not yet stale; using cached.
18:21:21,578 DEBUG cache:45 - "spark/partials/standard-content.ftl"("en_IN", UTF-8, parsed) cached copy not yet stale; using cached.
18:21:21,583 DEBUG cache:45 - "spark/partials/standard-content.ftl"("en_IN", UTF-8, parsed) cached copy not yet stale; using cached.
18:21:21,593 DEBUG cache:45 - Couldn't find template in cache for "spark/partials/exception.ftl"("en_IN", UTF-8, parsed); will try to load it.
18:21:21,594 DEBUG cache:45 - TemplateLoader.findTemplateSource("spark/partials/exception_en_IN.ftl"): Not found
18:21:21,595 DEBUG cache:45 - TemplateLoader.findTemplateSource("spark/partials/exception_en.ftl"): Not found
18:21:21,596 DEBUG cache:45 - TemplateLoader.findTemplateSource("spark/partials/exception.ftl"): Found
18:21:21,596 DEBUG cache:45 - Loading template for "spark/partials/exception.ftl"("en_IN", UTF-8, parsed) from "jar:file:/C:/MyRepo/com/aventstack/extentreports/5.0.8/extentreports-5.0.8.jar!/com/aventstack/extentreports/templates/spark/partials/exception.ftl"
18:21:21,598 DEBUG cache:45 - Couldn't find template in cache for "spark/partials/category.ftl"("en_IN", UTF-8, parsed); will try to load it.
18:21:21,599 DEBUG cache:45 - TemplateLoader.findTemplateSource("spark/partials/category_en_IN.ftl"): Not found
18:21:21,599 DEBUG cache:45 - TemplateLoader.findTemplateSource("spark/partials/category_en.ftl"): Not found
18:21:21,600 DEBUG cache:45 - TemplateLoader.findTemplateSource("spark/partials/category.ftl"): Found
18:21:21,600 DEBUG cache:45 - Loading template for "spark/partials/category.ftl"("en_IN", UTF-8, parsed) from "jar:file:/C:/MyRepo/com/aventstack/extentreports/5.0.8/extentreports-5.0.8.jar!/com/aventstack/extentreports/templates/spark/partials/category.ftl"
18:21:21,602 DEBUG cache:45 - Couldn't find template in cache for "spark/partials/device.ftl"("en_IN", UTF-8, parsed); will try to load it.
18:21:21,603 DEBUG cache:45 - TemplateLoader.findTemplateSource("spark/partials/device_en_IN.ftl"): Not found
18:21:21,603 DEBUG cache:45 - TemplateLoader.findTemplateSource("spark/partials/device_en.ftl"): Not found
18:21:21,605 DEBUG cache:45 - TemplateLoader.findTemplateSource("spark/partials/device.ftl"): Found
18:21:21,605 DEBUG cache:45 - Loading template for "spark/partials/device.ftl"("en_IN", UTF-8, parsed) from "jar:file:/C:/MyRepo/com/aventstack/extentreports/5.0.8/extentreports-5.0.8.jar!/com/aventstack/extentreports/templates/spark/partials/device.ftl"
18:21:21,607 DEBUG cache:45 - Couldn't find template in cache for "spark/partials/author.ftl"("en_IN", UTF-8, parsed); will try to load it.
18:21:21,608 DEBUG cache:45 - TemplateLoader.findTemplateSource("spark/partials/author_en_IN.ftl"): Not found
18:21:21,609 DEBUG cache:45 - TemplateLoader.findTemplateSource("spark/partials/author_en.ftl"): Not found
18:21:21,610 DEBUG cache:45 - TemplateLoader.findTemplateSource("spark/partials/author.ftl"): Found
18:21:21,610 DEBUG cache:45 - Loading template for "spark/partials/author.ftl"("en_IN", UTF-8, parsed) from "jar:file:/C:/MyRepo/com/aventstack/extentreports/5.0.8/extentreports-5.0.8.jar!/com/aventstack/extentreports/templates/spark/partials/author.ftl"
18:21:21,612 DEBUG cache:45 - Couldn't find template in cache for "spark/partials/log.ftl"("en_IN", UTF-8, parsed); will try to load it.
18:21:21,613 DEBUG cache:45 - TemplateLoader.findTemplateSource("spark/partials/log_en_IN.ftl"): Not found
18:21:21,614 DEBUG cache:45 - TemplateLoader.findTemplateSource("spark/partials/log_en.ftl"): Not found
18:21:21,615 DEBUG cache:45 - TemplateLoader.findTemplateSource("spark/partials/log.ftl"): Found
18:21:21,615 DEBUG cache:45 - Loading template for "spark/partials/log.ftl"("en_IN", UTF-8, parsed) from "jar:file:/C:/MyRepo/com/aventstack/extentreports/5.0.8/extentreports-5.0.8.jar!/com/aventstack/extentreports/templates/spark/partials/log.ftl"
18:21:21,616 DEBUG cache:45 - Couldn't find template in cache for "spark/partials/dashboard.ftl"("en_IN", UTF-8, parsed); will try to load it.
18:21:21,617 DEBUG cache:45 - TemplateLoader.findTemplateSource("spark/partials/dashboard_en_IN.ftl"): Not found
18:21:21,618 DEBUG cache:45 - TemplateLoader.findTemplateSource("spark/partials/dashboard_en.ftl"): Not found
18:21:21,619 DEBUG cache:45 - TemplateLoader.findTemplateSource("spark/partials/dashboard.ftl"): Found
18:21:21,619 DEBUG cache:45 - Loading template for "spark/partials/dashboard.ftl"("en_IN", UTF-8, parsed) from "jar:file:/C:/MyRepo/com/aventstack/extentreports/5.0.8/extentreports-5.0.8.jar!/com/aventstack/extentreports/templates/spark/partials/dashboard.ftl"
18:21:21,687 DEBUG cache:45 - Couldn't find template in cache for "spark/partials/scripts.ftl"("en_IN", UTF-8, parsed); will try to load it.
18:21:21,688 DEBUG cache:45 - TemplateLoader.findTemplateSource("spark/partials/scripts_en_IN.ftl"): Not found
18:21:21,689 DEBUG cache:45 - TemplateLoader.findTemplateSource("spark/partials/scripts_en.ftl"): Not found
18:21:21,691 DEBUG cache:45 - TemplateLoader.findTemplateSource("spark/partials/scripts.ftl"): Found
18:21:21,691 DEBUG cache:45 - Loading template for "spark/partials/scripts.ftl"("en_IN", UTF-8, parsed) from "jar:file:/C:/MyRepo/com/aventstack/extentreports/5.0.8/extentreports-5.0.8.jar!/com/aventstack/extentreports/templates/spark/partials/scripts.ftl"
18:21:21,693 DEBUG cache:45 - Couldn't find template in cache for "commons/commons-inject-js.ftl"("en_IN", UTF-8, parsed); will try to load it.
18:21:21,693 DEBUG cache:45 - TemplateLoader.findTemplateSource("commons/commons-inject-js_en_IN.ftl"): Not found
18:21:21,694 DEBUG cache:45 - TemplateLoader.findTemplateSource("commons/commons-inject-js_en.ftl"): Not found
18:21:21,695 DEBUG cache:45 - TemplateLoader.findTemplateSource("commons/commons-inject-js.ftl"): Found
18:21:21,695 DEBUG cache:45 - Loading template for "commons/commons-inject-js.ftl"("en_IN", UTF-8, parsed) from "jar:file:/C:/MyRepo/com/aventstack/extentreports/5.0.8/extentreports-5.0.8.jar!/com/aventstack/extentreports/templates/commons/commons-inject-js.ftl"
